{"C:\\xampp\\htdocs\\codewars-katas\\sum.js": {"path":"C:\\xampp\\htdocs\\codewars-katas\\sum.js","statementMap":{"0":{"start":{"line":2,"column":2},"end":{"line":2,"column":15}},"1":{"start":{"line":4,"column":0},"end":{"line":4,"column":21}}},"fnMap":{"0":{"name":"sum","decl":{"start":{"line":1,"column":9},"end":{"line":1,"column":12}},"loc":{"start":{"line":1,"column":19},"end":{"line":3,"column":1}},"line":1}},"branchMap":{},"s":{"0":1,"1":1},"f":{"0":1},"b":{},"_coverageSchema":"1a1c01bbd47fc00a2c39e90264f33305004495a9","hash":"e464e3345377b83bca3057366a7975d8ee24a550"}
,"C:\\xampp\\htdocs\\codewars-katas\\katas\\is-a-number-prime.js": {"path":"C:\\xampp\\htdocs\\codewars-katas\\katas\\is-a-number-prime.js","statementMap":{"0":{"start":{"line":5,"column":2},"end":{"line":7,"column":3}},"1":{"start":{"line":6,"column":4},"end":{"line":6,"column":17}},"2":{"start":{"line":8,"column":2},"end":{"line":10,"column":3}},"3":{"start":{"line":9,"column":4},"end":{"line":9,"column":17}},"4":{"start":{"line":11,"column":2},"end":{"line":15,"column":3}},"5":{"start":{"line":11,"column":15},"end":{"line":11,"column":16}},"6":{"start":{"line":12,"column":4},"end":{"line":14,"column":5}},"7":{"start":{"line":13,"column":6},"end":{"line":13,"column":19}},"8":{"start":{"line":16,"column":2},"end":{"line":16,"column":14}},"9":{"start":{"line":19,"column":0},"end":{"line":19,"column":25}}},"fnMap":{"0":{"name":"isPrime","decl":{"start":{"line":3,"column":9},"end":{"line":3,"column":16}},"loc":{"start":{"line":3,"column":22},"end":{"line":17,"column":1}},"line":3}},"branchMap":{"0":{"loc":{"start":{"line":5,"column":2},"end":{"line":7,"column":3}},"type":"if","locations":[{"start":{"line":5,"column":2},"end":{"line":7,"column":3}},{"start":{"line":5,"column":2},"end":{"line":7,"column":3}}],"line":5},"1":{"loc":{"start":{"line":8,"column":2},"end":{"line":10,"column":3}},"type":"if","locations":[{"start":{"line":8,"column":2},"end":{"line":10,"column":3}},{"start":{"line":8,"column":2},"end":{"line":10,"column":3}}],"line":8},"2":{"loc":{"start":{"line":12,"column":4},"end":{"line":14,"column":5}},"type":"if","locations":[{"start":{"line":12,"column":4},"end":{"line":14,"column":5}},{"start":{"line":12,"column":4},"end":{"line":14,"column":5}}],"line":12}},"s":{"0":3,"1":0,"2":3,"3":0,"4":3,"5":3,"6":4,"7":1,"8":2,"9":1},"f":{"0":3},"b":{"0":[0,3],"1":[0,3],"2":[1,3]},"_coverageSchema":"1a1c01bbd47fc00a2c39e90264f33305004495a9","hash":"da946eb88865788b9bb51075e0ae0564fa485118"}
,"C:\\xampp\\htdocs\\codewars-katas\\katas\\moving-zeros-to-the-end.js": {"path":"C:\\xampp\\htdocs\\codewars-katas\\katas\\moving-zeros-to-the-end.js","statementMap":{"0":{"start":{"line":1,"column":16},"end":{"line":12,"column":1}},"1":{"start":{"line":3,"column":24},"end":{"line":3,"column":34}},"2":{"start":{"line":4,"column":2},"end":{"line":10,"column":3}},"3":{"start":{"line":4,"column":14},"end":{"line":4,"column":15}},"4":{"start":{"line":5,"column":4},"end":{"line":9,"column":5}},"5":{"start":{"line":6,"column":6},"end":{"line":6,"column":23}},"6":{"start":{"line":7,"column":6},"end":{"line":7,"column":23}},"7":{"start":{"line":8,"column":6},"end":{"line":8,"column":10}},"8":{"start":{"line":11,"column":2},"end":{"line":11,"column":13}},"9":{"start":{"line":14,"column":0},"end":{"line":14,"column":27}}},"fnMap":{"0":{"name":"(anonymous_0)","decl":{"start":{"line":1,"column":16},"end":{"line":1,"column":17}},"loc":{"start":{"line":1,"column":31},"end":{"line":12,"column":1}},"line":1}},"branchMap":{"0":{"loc":{"start":{"line":5,"column":4},"end":{"line":9,"column":5}},"type":"if","locations":[{"start":{"line":5,"column":4},"end":{"line":9,"column":5}},{"start":{"line":5,"column":4},"end":{"line":9,"column":5}}],"line":5}},"s":{"0":1,"1":2,"2":2,"3":2,"4":16,"5":0,"6":0,"7":0,"8":2,"9":1},"f":{"0":2},"b":{"0":[0,16]},"_coverageSchema":"1a1c01bbd47fc00a2c39e90264f33305004495a9","hash":"643368b588523c0393ee620f5183adb7c650d98e"}
,"C:\\xampp\\htdocs\\codewars-katas\\katas\\rgb-to-hex-conversion.js": {"path":"C:\\xampp\\htdocs\\codewars-katas\\katas\\rgb-to-hex-conversion.js","statementMap":{"0":{"start":{"line":5,"column":21},"end":{"line":22,"column":3}},"1":{"start":{"line":24,"column":4},"end":{"line":26,"column":5}},"2":{"start":{"line":25,"column":6},"end":{"line":25,"column":15}},"3":{"start":{"line":27,"column":4},"end":{"line":29,"column":5}},"4":{"start":{"line":28,"column":6},"end":{"line":28,"column":17}},"5":{"start":{"line":30,"column":4},"end":{"line":30,"column":13}},"6":{"start":{"line":32,"column":2},"end":{"line":32,"column":16}},"7":{"start":{"line":33,"column":2},"end":{"line":33,"column":16}},"8":{"start":{"line":34,"column":2},"end":{"line":34,"column":16}},"9":{"start":{"line":37,"column":4},"end":{"line":37,"column":65}},"10":{"start":{"line":40,"column":2},"end":{"line":40,"column":40}},"11":{"start":{"line":43,"column":0},"end":{"line":43,"column":21}}},"fnMap":{"0":{"name":"rgb","decl":{"start":{"line":3,"column":9},"end":{"line":3,"column":12}},"loc":{"start":{"line":3,"column":22},"end":{"line":41,"column":1}},"line":3},"1":{"name":"minMax","decl":{"start":{"line":23,"column":11},"end":{"line":23,"column":17}},"loc":{"start":{"line":23,"column":21},"end":{"line":31,"column":3}},"line":23},"2":{"name":"toHex","decl":{"start":{"line":36,"column":11},"end":{"line":36,"column":16}},"loc":{"start":{"line":36,"column":20},"end":{"line":38,"column":3}},"line":36}},"branchMap":{"0":{"loc":{"start":{"line":24,"column":4},"end":{"line":26,"column":5}},"type":"if","locations":[{"start":{"line":24,"column":4},"end":{"line":26,"column":5}},{"start":{"line":24,"column":4},"end":{"line":26,"column":5}}],"line":24},"1":{"loc":{"start":{"line":27,"column":4},"end":{"line":29,"column":5}},"type":"if","locations":[{"start":{"line":27,"column":4},"end":{"line":29,"column":5}},{"start":{"line":27,"column":4},"end":{"line":29,"column":5}}],"line":27}},"s":{"0":4,"1":12,"2":0,"3":12,"4":1,"5":11,"6":4,"7":4,"8":4,"9":12,"10":4,"11":1},"f":{"0":4,"1":12,"2":12},"b":{"0":[0,12],"1":[1,11]},"_coverageSchema":"1a1c01bbd47fc00a2c39e90264f33305004495a9","hash":"4a4f8ff98536e06846d7c9d434d682080ff93ee4"}
,"C:\\xampp\\htdocs\\codewars-katas\\katas\\stop-gninnips-my-sdrow.js": {"path":"C:\\xampp\\htdocs\\codewars-katas\\katas\\stop-gninnips-my-sdrow.js","statementMap":{"0":{"start":{"line":6,"column":19},"end":{"line":6,"column":35}},"1":{"start":{"line":7,"column":21},"end":{"line":7,"column":23}},"2":{"start":{"line":8,"column":2},"end":{"line":16,"column":3}},"3":{"start":{"line":8,"column":15},"end":{"line":8,"column":16}},"4":{"start":{"line":9,"column":4},"end":{"line":15,"column":5}},"5":{"start":{"line":10,"column":6},"end":{"line":10,"column":24}},"6":{"start":{"line":11,"column":6},"end":{"line":13,"column":7}},"7":{"start":{"line":11,"column":19},"end":{"line":11,"column":43}},"8":{"start":{"line":12,"column":8},"end":{"line":12,"column":41}},"9":{"start":{"line":14,"column":6},"end":{"line":14,"column":35}},"10":{"start":{"line":17,"column":2},"end":{"line":17,"column":30}},"11":{"start":{"line":22,"column":0},"end":{"line":22,"column":27}}},"fnMap":{"0":{"name":"spinWords","decl":{"start":{"line":4,"column":9},"end":{"line":4,"column":18}},"loc":{"start":{"line":4,"column":26},"end":{"line":18,"column":1}},"line":4}},"branchMap":{"0":{"loc":{"start":{"line":9,"column":4},"end":{"line":15,"column":5}},"type":"if","locations":[{"start":{"line":9,"column":4},"end":{"line":15,"column":5}},{"start":{"line":9,"column":4},"end":{"line":15,"column":5}}],"line":9}},"s":{"0":3,"1":3,"2":3,"3":3,"4":11,"5":3,"6":3,"7":3,"8":21,"9":3,"10":3,"11":1},"f":{"0":3},"b":{"0":[3,8]},"_coverageSchema":"1a1c01bbd47fc00a2c39e90264f33305004495a9","hash":"a1e3211883969613b0e184a6fcf53b81cee12320"}
}
