TN:
SF:sum.js
FN:1,sum
FNF:1
FNH:1
FNDA:1,sum
DA:2,1
DA:4,1
LF:2
LH:2
BRF:0
BRH:0
end_of_record
TN:
SF:katas\is-a-number-prime.js
FN:3,isPrime
FNF:1
FNH:1
FNDA:3,isPrime
DA:5,3
DA:6,0
DA:8,3
DA:9,0
DA:11,3
DA:12,4
DA:13,1
DA:16,2
DA:19,1
LF:9
LH:7
BRDA:5,0,0,0
BRDA:5,0,1,3
BRDA:8,1,0,0
BRDA:8,1,1,3
BRDA:12,2,0,1
BRDA:12,2,1,3
BRF:6
BRH:4
end_of_record
TN:
SF:katas\moving-zeros-to-the-end.js
FN:3,(anonymous_0)
FNF:1
FNH:1
FNDA:3,(anonymous_0)
DA:3,1
DA:5,3
DA:6,25
DA:7,12
DA:8,43
DA:10,12
DA:13,3
DA:16,1
DA:18,1
LF:9
LH:9
BRDA:6,0,0,12
BRDA:6,0,1,13
BRF:2
BRH:2
end_of_record
TN:
SF:katas\rgb-to-hex-conversion.js
FN:3,rgb
FN:23,minMax
FN:36,toHex
FNF:3
FNH:3
FNDA:4,rgb
FNDA:12,minMax
FNDA:12,toHex
DA:5,4
DA:24,12
DA:25,0
DA:27,12
DA:28,1
DA:30,11
DA:32,4
DA:33,4
DA:34,4
DA:37,12
DA:40,4
DA:43,1
LF:12
LH:11
BRDA:24,0,0,0
BRDA:24,0,1,12
BRDA:27,1,0,1
BRDA:27,1,1,11
BRF:4
BRH:3
end_of_record
TN:
SF:katas\stop-gninnips-my-sdrow.js
FN:4,spinWords
FNF:1
FNH:1
FNDA:3,spinWords
DA:6,3
DA:7,3
DA:8,3
DA:9,11
DA:10,3
DA:11,3
DA:12,21
DA:14,3
DA:17,3
DA:22,1
LF:10
LH:10
BRDA:9,0,0,3
BRDA:9,0,1,8
BRF:2
BRH:2
end_of_record
